<?xml version="1.0" encoding="UTF-8"?>
<testsuite xmlns:xsi="http://www.w3.org/2001/XMLSchema-instance" xsi:noNamespaceSchemaLocation="https://maven.apache.org/surefire/maven-surefire-plugin/xsd/surefire-test-report.xsd" name="de.hu_berlin.AppTest" time="0.003" tests="1" errors="0" skipped="0" failures="0">
  <properties>
    <property name="java.specification.version" value="21"/>
    <property name="sun.cpu.isalist" value="amd64"/>
    <property name="sun.jnu.encoding" value="Cp1252"/>
    <property name="java.class.path" value="C:\Users\ThinkPad\OneDrive\Pictures\Screenshots\HU-TEST\his-jdbc-example\target\test-classes;C:\Users\ThinkPad\OneDrive\Pictures\Screenshots\HU-TEST\his-jdbc-example\target\classes;C:\Users\ThinkPad\.m2\repository\org\postgresql\postgresql\42.6.0\postgresql-42.6.0.jar;C:\Users\ThinkPad\.m2\repository\org\checkerframework\checker-qual\3.31.0\checker-qual-3.31.0.jar;C:\Users\ThinkPad\.m2\repository\org\junit\jupiter\junit-jupiter-api\5.10.0\junit-jupiter-api-5.10.0.jar;C:\Users\ThinkPad\.m2\repository\org\opentest4j\opentest4j\1.3.0\opentest4j-1.3.0.jar;C:\Users\ThinkPad\.m2\repository\org\junit\platform\junit-platform-commons\1.10.0\junit-platform-commons-1.10.0.jar;C:\Users\ThinkPad\.m2\repository\org\apiguardian\apiguardian-api\1.1.2\apiguardian-api-1.1.2.jar;C:\Users\ThinkPad\.m2\repository\org\apache\xmlgraphics\fop\2.6\fop-2.6.jar;C:\Users\ThinkPad\.m2\repository\org\apache\xmlgraphics\fop-util\2.6\fop-util-2.6.jar;C:\Users\ThinkPad\.m2\repository\org\apache\xmlgraphics\xmlgraphics-commons\2.6\xmlgraphics-commons-2.6.jar;C:\Users\ThinkPad\.m2\repository\org\apache\xmlgraphics\fop-events\2.6\fop-events-2.6.jar;C:\Users\ThinkPad\.m2\repository\com\thoughtworks\qdox\qdox\1.12\qdox-1.12.jar;C:\Users\ThinkPad\.m2\repository\commons-io\commons-io\1.3.1\commons-io-1.3.1.jar;C:\Users\ThinkPad\.m2\repository\org\apache\xmlgraphics\fop-core\2.6\fop-core-2.6.jar;C:\Users\ThinkPad\.m2\repository\org\apache\xmlgraphics\batik-anim\1.14\batik-anim-1.14.jar;C:\Users\ThinkPad\.m2\repository\org\apache\xmlgraphics\batik-css\1.14\batik-css-1.14.jar;C:\Users\ThinkPad\.m2\repository\org\apache\xmlgraphics\batik-dom\1.14\batik-dom-1.14.jar;C:\Users\ThinkPad\.m2\repository\xalan\xalan\2.7.2\xalan-2.7.2.jar;C:\Users\ThinkPad\.m2\repository\xalan\serializer\2.7.2\serializer-2.7.2.jar;C:\Users\ThinkPad\.m2\repository\xml-apis\xml-apis\1.4.01\xml-apis-1.4.01.jar;C:\Users\ThinkPad\.m2\repository\org\apache\xmlgraphics\batik-ext\1.14\batik-ext-1.14.jar;C:\Users\ThinkPad\.m2\repository\org\apache\xmlgraphics\batik-parser\1.14\batik-parser-1.14.jar;C:\Users\ThinkPad\.m2\repository\org\apache\xmlgraphics\batik-shared-resources\1.14\batik-shared-resources-1.14.jar;C:\Users\ThinkPad\.m2\repository\org\apache\xmlgraphics\batik-svg-dom\1.14\batik-svg-dom-1.14.jar;C:\Users\ThinkPad\.m2\repository\org\apache\xmlgraphics\batik-util\1.14\batik-util-1.14.jar;C:\Users\ThinkPad\.m2\repository\org\apache\xmlgraphics\batik-constants\1.14\batik-constants-1.14.jar;C:\Users\ThinkPad\.m2\repository\org\apache\xmlgraphics\batik-i18n\1.14\batik-i18n-1.14.jar;C:\Users\ThinkPad\.m2\repository\xml-apis\xml-apis-ext\1.3.04\xml-apis-ext-1.3.04.jar;C:\Users\ThinkPad\.m2\repository\org\apache\xmlgraphics\batik-awt-util\1.14\batik-awt-util-1.14.jar;C:\Users\ThinkPad\.m2\repository\org\apache\xmlgraphics\batik-bridge\1.14\batik-bridge-1.14.jar;C:\Users\ThinkPad\.m2\repository\org\apache\xmlgraphics\batik-script\1.14\batik-script-1.14.jar;C:\Users\ThinkPad\.m2\repository\org\apache\xmlgraphics\batik-xml\1.14\batik-xml-1.14.jar;C:\Users\ThinkPad\.m2\repository\org\apache\xmlgraphics\batik-extension\1.14\batik-extension-1.14.jar;C:\Users\ThinkPad\.m2\repository\org\apache\xmlgraphics\batik-gvt\1.14\batik-gvt-1.14.jar;C:\Users\ThinkPad\.m2\repository\org\apache\xmlgraphics\batik-transcoder\1.14\batik-transcoder-1.14.jar;C:\Users\ThinkPad\.m2\repository\org\apache\xmlgraphics\batik-svggen\1.14\batik-svggen-1.14.jar;C:\Users\ThinkPad\.m2\repository\commons-logging\commons-logging\1.0.4\commons-logging-1.0.4.jar;C:\Users\ThinkPad\.m2\repository\org\apache\velocity\velocity-engine-core\2.3\velocity-engine-core-2.3.jar;C:\Users\ThinkPad\.m2\repository\org\apache\commons\commons-lang3\3.11\commons-lang3-3.11.jar;C:\Users\ThinkPad\.m2\repository\org\slf4j\slf4j-api\1.7.30\slf4j-api-1.7.30.jar;C:\Users\ThinkPad\.m2\repository\org\slf4j\slf4j-simple\2.0.9\slf4j-simple-2.0.9.jar;C:\Users\ThinkPad\.m2\repository\org\apache\xmlgraphics\fop-pdf-images\2.6\fop-pdf-images-2.6.jar;C:\Users\ThinkPad\.m2\repository\org\apache\pdfbox\pdfbox\2.0.19\pdfbox-2.0.19.jar;C:\Users\ThinkPad\.m2\repository\org\apache\pdfbox\fontbox\2.0.19\fontbox-2.0.19.jar;"/>
    <property name="java.vm.vendor" value="Oracle Corporation"/>
    <property name="sun.arch.data.model" value="64"/>
    <property name="user.variant" value=""/>
    <property name="java.vendor.url" value="https://java.oracle.com/"/>
    <property name="user.timezone" value="Europe/Berlin"/>
    <property name="os.name" value="Windows 11"/>
    <property name="java.vm.specification.version" value="21"/>
    <property name="sun.java.launcher" value="SUN_STANDARD"/>
    <property name="user.country" value="DE"/>
    <property name="sun.boot.library.path" value="C:\Program Files\Java\jdk-21\bin"/>
    <property name="sun.java.command" value="C:\Users\ThinkPad\AppData\Local\Temp\surefire1040266761890545665\surefirebooter3694228919784965219.jar C:\Users\ThinkPad\AppData\Local\Temp\surefire1040266761890545665 2025-06-18T23-04-49_493-jvmRun1 surefire4956888914407839982tmp surefire_011105252060239298697tmp"/>
    <property name="jdk.debug" value="release"/>
    <property name="surefire.test.class.path" value="C:\Users\ThinkPad\OneDrive\Pictures\Screenshots\HU-TEST\his-jdbc-example\target\test-classes;C:\Users\ThinkPad\OneDrive\Pictures\Screenshots\HU-TEST\his-jdbc-example\target\classes;C:\Users\ThinkPad\.m2\repository\org\postgresql\postgresql\42.6.0\postgresql-42.6.0.jar;C:\Users\ThinkPad\.m2\repository\org\checkerframework\checker-qual\3.31.0\checker-qual-3.31.0.jar;C:\Users\ThinkPad\.m2\repository\org\junit\jupiter\junit-jupiter-api\5.10.0\junit-jupiter-api-5.10.0.jar;C:\Users\ThinkPad\.m2\repository\org\opentest4j\opentest4j\1.3.0\opentest4j-1.3.0.jar;C:\Users\ThinkPad\.m2\repository\org\junit\platform\junit-platform-commons\1.10.0\junit-platform-commons-1.10.0.jar;C:\Users\ThinkPad\.m2\repository\org\apiguardian\apiguardian-api\1.1.2\apiguardian-api-1.1.2.jar;C:\Users\ThinkPad\.m2\repository\org\apache\xmlgraphics\fop\2.6\fop-2.6.jar;C:\Users\ThinkPad\.m2\repository\org\apache\xmlgraphics\fop-util\2.6\fop-util-2.6.jar;C:\Users\ThinkPad\.m2\repository\org\apache\xmlgraphics\xmlgraphics-commons\2.6\xmlgraphics-commons-2.6.jar;C:\Users\ThinkPad\.m2\repository\org\apache\xmlgraphics\fop-events\2.6\fop-events-2.6.jar;C:\Users\ThinkPad\.m2\repository\com\thoughtworks\qdox\qdox\1.12\qdox-1.12.jar;C:\Users\ThinkPad\.m2\repository\commons-io\commons-io\1.3.1\commons-io-1.3.1.jar;C:\Users\ThinkPad\.m2\repository\org\apache\xmlgraphics\fop-core\2.6\fop-core-2.6.jar;C:\Users\ThinkPad\.m2\repository\org\apache\xmlgraphics\batik-anim\1.14\batik-anim-1.14.jar;C:\Users\ThinkPad\.m2\repository\org\apache\xmlgraphics\batik-css\1.14\batik-css-1.14.jar;C:\Users\ThinkPad\.m2\repository\org\apache\xmlgraphics\batik-dom\1.14\batik-dom-1.14.jar;C:\Users\ThinkPad\.m2\repository\xalan\xalan\2.7.2\xalan-2.7.2.jar;C:\Users\ThinkPad\.m2\repository\xalan\serializer\2.7.2\serializer-2.7.2.jar;C:\Users\ThinkPad\.m2\repository\xml-apis\xml-apis\1.4.01\xml-apis-1.4.01.jar;C:\Users\ThinkPad\.m2\repository\org\apache\xmlgraphics\batik-ext\1.14\batik-ext-1.14.jar;C:\Users\ThinkPad\.m2\repository\org\apache\xmlgraphics\batik-parser\1.14\batik-parser-1.14.jar;C:\Users\ThinkPad\.m2\repository\org\apache\xmlgraphics\batik-shared-resources\1.14\batik-shared-resources-1.14.jar;C:\Users\ThinkPad\.m2\repository\org\apache\xmlgraphics\batik-svg-dom\1.14\batik-svg-dom-1.14.jar;C:\Users\ThinkPad\.m2\repository\org\apache\xmlgraphics\batik-util\1.14\batik-util-1.14.jar;C:\Users\ThinkPad\.m2\repository\org\apache\xmlgraphics\batik-constants\1.14\batik-constants-1.14.jar;C:\Users\ThinkPad\.m2\repository\org\apache\xmlgraphics\batik-i18n\1.14\batik-i18n-1.14.jar;C:\Users\ThinkPad\.m2\repository\xml-apis\xml-apis-ext\1.3.04\xml-apis-ext-1.3.04.jar;C:\Users\ThinkPad\.m2\repository\org\apache\xmlgraphics\batik-awt-util\1.14\batik-awt-util-1.14.jar;C:\Users\ThinkPad\.m2\repository\org\apache\xmlgraphics\batik-bridge\1.14\batik-bridge-1.14.jar;C:\Users\ThinkPad\.m2\repository\org\apache\xmlgraphics\batik-script\1.14\batik-script-1.14.jar;C:\Users\ThinkPad\.m2\repository\org\apache\xmlgraphics\batik-xml\1.14\batik-xml-1.14.jar;C:\Users\ThinkPad\.m2\repository\org\apache\xmlgraphics\batik-extension\1.14\batik-extension-1.14.jar;C:\Users\ThinkPad\.m2\repository\org\apache\xmlgraphics\batik-gvt\1.14\batik-gvt-1.14.jar;C:\Users\ThinkPad\.m2\repository\org\apache\xmlgraphics\batik-transcoder\1.14\batik-transcoder-1.14.jar;C:\Users\ThinkPad\.m2\repository\org\apache\xmlgraphics\batik-svggen\1.14\batik-svggen-1.14.jar;C:\Users\ThinkPad\.m2\repository\commons-logging\commons-logging\1.0.4\commons-logging-1.0.4.jar;C:\Users\ThinkPad\.m2\repository\org\apache\velocity\velocity-engine-core\2.3\velocity-engine-core-2.3.jar;C:\Users\ThinkPad\.m2\repository\org\apache\commons\commons-lang3\3.11\commons-lang3-3.11.jar;C:\Users\ThinkPad\.m2\repository\org\slf4j\slf4j-api\1.7.30\slf4j-api-1.7.30.jar;C:\Users\ThinkPad\.m2\repository\org\slf4j\slf4j-simple\2.0.9\slf4j-simple-2.0.9.jar;C:\Users\ThinkPad\.m2\repository\org\apache\xmlgraphics\fop-pdf-images\2.6\fop-pdf-images-2.6.jar;C:\Users\ThinkPad\.m2\repository\org\apache\pdfbox\pdfbox\2.0.19\pdfbox-2.0.19.jar;C:\Users\ThinkPad\.m2\repository\org\apache\pdfbox\fontbox\2.0.19\fontbox-2.0.19.jar;"/>
    <property name="sun.cpu.endian" value="little"/>
    <property name="user.home" value="C:\Users\ThinkPad"/>
    <property name="user.language" value="de"/>
    <property name="java.specification.vendor" value="Oracle Corporation"/>
    <property name="java.version.date" value="2025-04-15"/>
    <property name="java.home" value="C:\Program Files\Java\jdk-21"/>
    <property name="file.separator" value="\"/>
    <property name="basedir" value="C:\Users\ThinkPad\OneDrive\Pictures\Screenshots\HU-TEST\his-jdbc-example"/>
    <property name="java.vm.compressedOopsMode" value="Zero based"/>
    <property name="line.separator" value="&#10;"/>
    <property name="java.vm.specification.vendor" value="Oracle Corporation"/>
    <property name="java.specification.name" value="Java Platform API Specification"/>
    <property name="surefire.real.class.path" value="C:\Users\ThinkPad\AppData\Local\Temp\surefire1040266761890545665\surefirebooter3694228919784965219.jar"/>
    <property name="user.script" value=""/>
    <property name="sun.management.compiler" value="HotSpot 64-Bit Tiered Compilers"/>
    <property name="java.runtime.version" value="21.0.7+8-LTS-245"/>
    <property name="user.name" value="ThinkPad"/>
    <property name="stdout.encoding" value="Cp1252"/>
    <property name="path.separator" value=";"/>
    <property name="os.version" value="10.0"/>
    <property name="java.runtime.name" value="Java(TM) SE Runtime Environment"/>
    <property name="file.encoding" value="UTF-8"/>
    <property name="java.vm.name" value="Java HotSpot(TM) 64-Bit Server VM"/>
    <property name="localRepository" value="C:\Users\ThinkPad\.m2\repository"/>
    <property name="java.vendor.url.bug" value="https://bugreport.java.com/bugreport/"/>
    <property name="java.io.tmpdir" value="C:\Users\ThinkPad\AppData\Local\Temp\"/>
    <property name="java.version" value="21.0.7"/>
    <property name="user.dir" value="C:\Users\ThinkPad\OneDrive\Pictures\Screenshots\HU-TEST\his-jdbc-example"/>
    <property name="os.arch" value="amd64"/>
    <property name="java.vm.specification.name" value="Java Virtual Machine Specification"/>
    <property name="sun.os.patch.level" value=""/>
    <property name="native.encoding" value="Cp1252"/>
    <property name="java.library.path" value="C:\Program Files\Java\jdk-21\bin;C:\WINDOWS\Sun\Java\bin;C:\WINDOWS\system32;C:\WINDOWS;C:\Program Files\z3\bin;C:\Users\ThinkPad\.nvm\versions\node\v18.20.7\bin;C:\Users\ThinkPad\bin;C:\Program Files\Git\mingw64\bin;C:\Program Files\Git\usr\local\bin;C:\Program Files\Git\usr\bin;C:\Program Files\Git\usr\bin;C:\Program Files\Git\mingw64\bin;C:\Program Files\Git\usr\bin;C:\Users\ThinkPad\bin;C:\Program Files\Common Files\Oracle\Java\javapath;C:\Python311\Scripts;C:\Python311;C:\WINDOWS\system32;C:\WINDOWS;C:\WINDOWS\System32\Wbem;C:\WINDOWS\System32\WindowsPowerShell\v1.0;C:\WINDOWS\System32\OpenSSH;C:\ProgramData\chocolatey\bin;C:\Users\ThinkPad\AppData\Roaming\nvm;C:\Program Files\nodejs;C:\Program Files\MongoDB\Server\6.0\bin;C:\Program Files\Docker\Docker\resources\bin;C:\Program Files\Git\cmd;C:\Program Files\z3\bin;C:\Program Files\PowerShell\7;C:\Program Files\MySQL\MySQL Shell 8.0\bin;C:\Users\ThinkPad\AppData\Local\Microsoft\WindowsApps;C:\Users\ThinkPad\AppData\Local\Programs\Microsoft VS Code\bin;C:\Users\ThinkPad\AppData\Local\Programs\Hyper\resources\bin;C:\Users\ThinkPad\AppData\Roaming\nvm;C:\Program Files\nodejs;C:\Program Files\heroku\bin;C:\Program Files\Java\jdk-21\bin;C:\Program Files\apache-maven-3.9.10\bin;C:\Users\ThinkPad\AppData\Roaming\Code\User\globalStorage\github.copilot-chat\debugCommand;C:\Program Files\Git\usr\bin\vendor_perl;C:\Program Files\Git\usr\bin\core_perl;."/>
    <property name="java.vm.info" value="mixed mode, sharing"/>
    <property name="stderr.encoding" value="Cp1252"/>
    <property name="java.vendor" value="Oracle Corporation"/>
    <property name="java.vm.version" value="21.0.7+8-LTS-245"/>
    <property name="sun.io.unicode.encoding" value="UnicodeLittle"/>
    <property name="java.class.version" value="65.0"/>
  </properties>
  <testcase name="de.hu_berlin.AppTest.testExample" classname="de.hu_berlin.AppTest" time="0.001"/>
</testsuite>